<?xml version="1.0" encoding="UTF-8"?>
<testsuite xmlns:xsi="http://www.w3.org/2001/XMLSchema-instance" xsi:noNamespaceSchemaLocation="https://maven.apache.org/surefire/maven-surefire-plugin/xsd/surefire-test-report-3.0.xsd" version="3.0" name="hellocucumber.RunCucumberTest" time="0.131" tests="2" errors="0" skipped="0" failures="0">
  <properties>
[...]
</properties>
  <testcase name="Add a task to the to-do list" classname="Manage To-Do List" time="0.051">
    <system-out><![CDATA[
Scenario: Add a task to the to-do list             &amp#27;[90m# hellocucumber/example.feature:3&amp#27;[0m
  &amp#27;[32mGiven &amp#27;[0m&amp#27;[32mI have an empty to-do list&amp#27;[0m                 &amp#27;[90m# hellocucumber.StepDefinitions.i_have_an_empty_to_do_list()&amp#27;[0m
  &amp#27;[32mWhen &amp#27;[0m&amp#27;[32mI add &amp#27;[0m&amp#27;[32m&amp#27;[1m"Write tests"&amp#27;[0m&amp#27;[32m to the to-do list&amp#27;[0m       &amp#27;[90m# hellocucumber.StepDefinitions.i_add_to_the_to_do_list(java.lang.String)&amp#27;[0m
  &amp#27;[32mThen &amp#27;[0m&amp#27;[32mthe to-do list should contain &amp#27;[0m&amp#27;[32m&amp#27;[1m"Write tests"&amp#27;[0m &amp#27;[90m# hellocucumber.StepDefinitions.the_to_do_list_should_contain(java.lang.String)&amp#27;[0m
]]></system-out>
  </testcase>
  <testcase name="Remove a task from the to-do list" classname="Manage To-Do List" time="0.006">
    <system-out><![CDATA[
Scenario: Remove a task from the to-do list            &amp#27;[90m# hellocucumber/example.feature:8&amp#27;[0m
  &amp#27;[32mGiven &amp#27;[0m&amp#27;[32mI have a to-do list with &amp#27;[0m&amp#27;[32m&amp#27;[1m"Write tests"&amp#27;[0m         &amp#27;[90m# hellocucumber.StepDefinitions.i_have_a_to_do_list_with(java.lang.String)&amp#27;[0m
  &amp#27;[32mWhen &amp#27;[0m&amp#27;[32mI remove &amp#27;[0m&amp#27;[32m&amp#27;[1m"Write tests"&amp#27;[0m&amp#27;[32m from the to-do list&amp#27;[0m      &amp#27;[90m# hellocucumber.StepDefinitions.i_remove_from_the_to_do_list(java.lang.String)&amp#27;[0m
  &amp#27;[32mThen &amp#27;[0m&amp#27;[32mthe to-do list should not contain &amp#27;[0m&amp#27;[32m&amp#27;[1m"Write tests"&amp#27;[0m &amp#27;[90m# hellocucumber.StepDefinitions.the_to_do_list_should_not_contain(java.lang.String)&amp#27;[0m
]]></system-out>
  </testcase>
</testsuite>